<?xml version="1.0" encoding="UTF-8"?>
<!-- Generated by org.testng.reporters.JUnitXMLReporter -->
<testsuite ignored="0" hostname="DESKTOP-R3FJD7M" failures="0" tests="4" name="PetStoreTest" time="11.422" errors="0" timestamp="2024-02-01T14:07:59 GST">
  <testcase classname="api.test.UserTest2" name="testPostUser" time="4.776"/>
  <testcase classname="api.test.UserTest2" name="testGetUserByName" time="1.114"/>
  <testcase classname="api.test.UserTest2" name="testUpdateUserByName" time="2.12"/>
  <testcase classname="api.test.UserTest2" name="deleteUserByName" time="1.042"/>
</testsuite> <!-- PetStoreTest -->
