<?xml version="1.0" encoding="UTF-8"?>
<!-- Generated by org.testng.reporters.JUnitXMLReporter -->
<testsuite ignored="0" hostname="DESKTOP-R3FJD7M" failures="0" tests="10" name="Surefire test" time="19.645" errors="0" timestamp="2024-02-01T13:55:15 GST">
  <testcase classname="api.test.DataDrivenTest" name="testPostUser" time="4.88"/>
  <testcase classname="api.test.DataDrivenTest" name="testPostUser" time="1.051"/>
  <testcase classname="api.test.DataDrivenTest" name="testPostUser" time="1.039"/>
  <testcase classname="api.test.DataDrivenTest" name="testDeleteUserByName" time="1.065"/>
  <testcase classname="api.test.DataDrivenTest" name="testDeleteUserByName" time="1.003"/>
  <testcase classname="api.test.DataDrivenTest" name="testDeleteUserByName" time="1.001"/>
  <testcase classname="api.test.UserTest" name="testPostUser" time="1.11"/>
  <testcase classname="api.test.UserTest" name="testGetUserByName" time="1.049"/>
  <testcase classname="api.test.UserTest" name="testUpdateUserByName" time="2.049"/>
  <testcase classname="api.test.UserTest" name="deleteUserByName" time="1.007"/>
</testsuite> <!-- Surefire test -->
