<?xml version="1.0" encoding="UTF-8"?>
<!-- Generated by org.testng.reporters.JUnitXMLReporter -->
<testsuite ignored="0" hostname="DESKTOP-R3FJD7M" failures="0" tests="6" name="Default test" time="12.498" errors="0" timestamp="2024-01-31T14:33:23 GST">
  <testcase classname="api.test.DataDrivenTest" name="testPostUser" time="4.601"/>
  <testcase classname="api.test.DataDrivenTest" name="testPostUser" time="1.057"/>
  <testcase classname="api.test.DataDrivenTest" name="testPostUser" time="1.05"/>
  <testcase classname="api.test.DataDrivenTest" name="testDeleteUserByName" time="1.092"/>
  <testcase classname="api.test.DataDrivenTest" name="testDeleteUserByName" time="1.047"/>
  <testcase classname="api.test.DataDrivenTest" name="testDeleteUserByName" time="1.046"/>
</testsuite> <!-- Default test -->
