<?xml version="1.0" encoding="UTF-8"?>
<testng-results ignored="0" total="4" passed="4" failed="0" skipped="0">
  <reporter-output>
  </reporter-output>
  <suite started-at="2024-02-01T14:07:47 GST" name="PetStoreSuite" finished-at="2024-02-01T14:07:58 GST" duration-ms="11422">
    <groups>
    </groups>
    <test started-at="2024-02-01T14:07:47 GST" name="PetStoreTest" finished-at="2024-02-01T14:07:58 GST" duration-ms="11422">
      <class name="api.test.UserTest2">
        <test-method is-config="true" signature="setup()[pri:0, instance:api.test.UserTest2@6eda5c9]" started-at="2024-02-01T14:07:47 GST" name="setup" finished-at="2024-02-01T14:07:49 GST" duration-ms="1750" status="PASS">
          <reporter-output>
          </reporter-output>
        </test-method> <!-- setup -->
        <test-method signature="testPostUser()[pri:1, instance:api.test.UserTest2@6eda5c9]" started-at="2024-02-01T14:07:49 GST" name="testPostUser" finished-at="2024-02-01T14:07:54 GST" duration-ms="4776" status="PASS">
          <reporter-output>
          </reporter-output>
        </test-method> <!-- testPostUser -->
        <test-method signature="testGetUserByName()[pri:2, instance:api.test.UserTest2@6eda5c9]" started-at="2024-02-01T14:07:54 GST" name="testGetUserByName" finished-at="2024-02-01T14:07:55 GST" duration-ms="1114" status="PASS">
          <reporter-output>
          </reporter-output>
        </test-method> <!-- testGetUserByName -->
        <test-method signature="testUpdateUserByName()[pri:3, instance:api.test.UserTest2@6eda5c9]" started-at="2024-02-01T14:07:55 GST" name="testUpdateUserByName" finished-at="2024-02-01T14:07:57 GST" duration-ms="2120" status="PASS">
          <reporter-output>
          </reporter-output>
        </test-method> <!-- testUpdateUserByName -->
        <test-method signature="deleteUserByName()[pri:4, instance:api.test.UserTest2@6eda5c9]" started-at="2024-02-01T14:07:57 GST" name="deleteUserByName" finished-at="2024-02-01T14:07:58 GST" duration-ms="1042" status="PASS">
          <reporter-output>
          </reporter-output>
        </test-method> <!-- deleteUserByName -->
      </class> <!-- api.test.UserTest2 -->
    </test> <!-- PetStoreTest -->
  </suite> <!-- PetStoreSuite -->
</testng-results>
