<?xml version="1.0" encoding="UTF-8"?>
<testng-results ignored="0" total="4" passed="4" failed="0" skipped="0">
  <reporter-output>
  </reporter-output>
  <suite started-at="2024-02-01T13:42:40 GST" name="PetStoreSuite" finished-at="2024-02-01T13:42:51 GST" duration-ms="11296">
    <groups>
    </groups>
    <test started-at="2024-02-01T13:42:40 GST" name="PetStoreTest" finished-at="2024-02-01T13:42:51 GST" duration-ms="11296">
      <class name="api.test.UserTest2">
        <test-method is-config="true" signature="setup()[pri:0, instance:api.test.UserTest2@6302bbb1]" started-at="2024-02-01T13:42:40 GST" name="setup" finished-at="2024-02-01T13:42:42 GST" duration-ms="1819" status="PASS">
          <reporter-output>
          </reporter-output>
        </test-method> <!-- setup -->
        <test-method signature="testPostUser()[pri:1, instance:api.test.UserTest2@6302bbb1]" started-at="2024-02-01T13:42:42 GST" name="testPostUser" finished-at="2024-02-01T13:42:47 GST" duration-ms="4632" status="PASS">
          <reporter-output>
          </reporter-output>
        </test-method> <!-- testPostUser -->
        <test-method signature="testGetUserByName()[pri:2, instance:api.test.UserTest2@6302bbb1]" started-at="2024-02-01T13:42:47 GST" name="testGetUserByName" finished-at="2024-02-01T13:42:48 GST" duration-ms="1061" status="PASS">
          <reporter-output>
          </reporter-output>
        </test-method> <!-- testGetUserByName -->
        <test-method signature="testUpdateUserByName()[pri:3, instance:api.test.UserTest2@6302bbb1]" started-at="2024-02-01T13:42:48 GST" name="testUpdateUserByName" finished-at="2024-02-01T13:42:50 GST" duration-ms="2124" status="PASS">
          <reporter-output>
          </reporter-output>
        </test-method> <!-- testUpdateUserByName -->
        <test-method signature="deleteUserByName()[pri:4, instance:api.test.UserTest2@6302bbb1]" started-at="2024-02-01T13:42:50 GST" name="deleteUserByName" finished-at="2024-02-01T13:42:51 GST" duration-ms="1032" status="PASS">
          <reporter-output>
          </reporter-output>
        </test-method> <!-- deleteUserByName -->
      </class> <!-- api.test.UserTest2 -->
    </test> <!-- PetStoreTest -->
  </suite> <!-- PetStoreSuite -->
</testng-results>
